<?xml version="1.0" encoding="UTF-8"?>
<robot generator="Robot 7.4.2 (Python 3.14.3 on win32)" generated="2026-04-07T04:51:21.312753" rpa="false" schemaversion="5">
<suite id="s1" name="Tests" source="C:\Users\senth\PycharmProjects\PythonProject9\tests">
<suite id="s1-s1" name="Test Saucedemo" source="C:\Users\senth\PycharmProjects\PythonProject9\tests\test_saucedemo.robot">
<test id="s1-s1-t1" name="Test Case 1 - Valid Login" line="14">
<kw name="Open Browser To SauceDemo" owner="keywords" type="SETUP">
<kw name="Evaluate" owner="BuiltIn">
<msg time="2026-04-07T04:51:21.601670" level="INFO">${options} = &lt;selenium.webdriver.chrome.options.Options object at 0x0000018A63054D70&gt;</msg>
<var>${options}</var>
<arg>sys.modules['selenium.webdriver'].ChromeOptions()</arg>
<arg>sys</arg>
<doc>Evaluates the given expression in Python and returns the result.</doc>
<status status="PASS" start="2026-04-07T04:51:21.599468" elapsed="0.002248"/>
</kw>
<kw name="Create Dictionary" owner="BuiltIn">
<msg time="2026-04-07T04:51:21.602473" level="INFO">${prefs} = {'credentials_enable_service': False, 'profile.password_manager_enabled': False, 'profile.password_manager_leak_detection': False}</msg>
<var>${prefs}</var>
<arg>credentials_enable_service=${False}</arg>
<arg>profile.password_manager_enabled=${False}</arg>
<arg>profile.password_manager_leak_detection=${False}</arg>
<doc>Creates and returns a dictionary based on the given ``items``.</doc>
<status status="PASS" start="2026-04-07T04:51:21.601930" elapsed="0.000579"/>
</kw>
<kw name="Call Method" owner="BuiltIn">
<arg>${options}</arg>
<arg>add_experimental_option</arg>
<arg>prefs</arg>
<arg>${prefs}</arg>
<doc>Calls the named method of the given object with the provided arguments.</doc>
<status status="PASS" start="2026-04-07T04:51:21.602642" elapsed="0.000370"/>
</kw>
<kw name="Open Browser" owner="SeleniumLibrary">
<msg time="2026-04-07T04:51:21.603348" level="INFO">Opening browser 'chrome' to base url 'https://www.saucedemo.com/'.</msg>
<arg>${URL}</arg>
<arg>chrome</arg>
<arg>options=${options}</arg>
<doc>Opens a new browser instance to the optional ``url``.</doc>
<status status="PASS" start="2026-04-07T04:51:21.603136" elapsed="1.804809"/>
</kw>
<kw name="Maximize Browser Window" owner="SeleniumLibrary">
<doc>Maximizes current browser window.</doc>
<status status="PASS" start="2026-04-07T04:51:23.408484" elapsed="0.037166"/>
</kw>
<kw name="Wait Until Element Is Visible" owner="SeleniumLibrary">
<arg>id:user-name</arg>
<arg>10s</arg>
<doc>Waits until the element ``locator`` is visible.</doc>
<status status="PASS" start="2026-04-07T04:51:23.446428" elapsed="0.053749"/>
</kw>
<status status="PASS" start="2026-04-07T04:51:21.598789" elapsed="1.901727"/>
</kw>
<kw name="Login" owner="keywords">
<kw name="Input Text" owner="SeleniumLibrary">
<msg time="2026-04-07T04:51:23.506037" level="INFO">Typing text 'standard_user' into text field 'id:user-name'.</msg>
<arg>id:user-name</arg>
<arg>${username}</arg>
<doc>Types the given ``text`` into the text field identified by ``locator``.</doc>
<status status="PASS" start="2026-04-07T04:51:23.504804" elapsed="0.264150"/>
</kw>
<kw name="Input Text" owner="SeleniumLibrary">
<msg time="2026-04-07T04:51:23.770561" level="INFO">Typing text 'secret_sauce' into text field 'id:password'.</msg>
<arg>id:password</arg>
<arg>${password}</arg>
<doc>Types the given ``text`` into the text field identified by ``locator``.</doc>
<status status="PASS" start="2026-04-07T04:51:23.769641" elapsed="0.125698"/>
</kw>
<kw name="Click Button" owner="SeleniumLibrary">
<msg time="2026-04-07T04:51:23.896737" level="INFO">Clicking button 'id:login-button'.</msg>
<arg>id:login-button</arg>
<doc>Clicks the button identified by ``locator``.</doc>
<status status="PASS" start="2026-04-07T04:51:23.895867" elapsed="0.169386"/>
</kw>
<arg>${VALID_USER}</arg>
<arg>${VALID_PASS}</arg>
<status status="PASS" start="2026-04-07T04:51:23.501459" elapsed="0.564042"/>
</kw>
<kw name="Verify Products Page" owner="keywords">
<kw name="Wait Until Page Contains Element" owner="SeleniumLibrary">
<arg>class:title</arg>
<arg>10s</arg>
<doc>Waits until the element ``locator`` appears on the current page.</doc>
<status status="PASS" start="2026-04-07T04:51:24.066477" elapsed="0.016212"/>
</kw>
<status status="PASS" start="2026-04-07T04:51:24.066015" elapsed="0.017069"/>
</kw>
<kw name="Close Browser" owner="keywords" type="TEARDOWN">
<kw name="Close All Browsers" owner="SeleniumLibrary">
<doc>Closes all open browsers and resets the browser cache.</doc>
<status status="PASS" start="2026-04-07T04:51:24.084428" elapsed="2.279279"/>
</kw>
<status status="PASS" start="2026-04-07T04:51:24.083980" elapsed="2.279835"/>
</kw>
<status status="PASS" start="2026-04-07T04:51:21.597879" elapsed="4.766340"/>
</test>
<test id="s1-s1-t2" name="Test Case 2 - Invalid Login" line="19">
<kw name="Open Browser To SauceDemo" owner="keywords" type="SETUP">
<kw name="Evaluate" owner="BuiltIn">
<msg time="2026-04-07T04:51:26.366743" level="INFO">${options} = &lt;selenium.webdriver.chrome.options.Options object at 0x0000018A62FB3C50&gt;</msg>
<var>${options}</var>
<arg>sys.modules['selenium.webdriver'].ChromeOptions()</arg>
<arg>sys</arg>
<doc>Evaluates the given expression in Python and returns the result.</doc>
<status status="PASS" start="2026-04-07T04:51:26.366331" elapsed="0.000443"/>
</kw>
<kw name="Create Dictionary" owner="BuiltIn">
<msg time="2026-04-07T04:51:26.367546" level="INFO">${prefs} = {'credentials_enable_service': False, 'profile.password_manager_enabled': False, 'profile.password_manager_leak_detection': False}</msg>
<var>${prefs}</var>
<arg>credentials_enable_service=${False}</arg>
<arg>profile.password_manager_enabled=${False}</arg>
<arg>profile.password_manager_leak_detection=${False}</arg>
<doc>Creates and returns a dictionary based on the given ``items``.</doc>
<status status="PASS" start="2026-04-07T04:51:26.366881" elapsed="0.000745"/>
</kw>
<kw name="Call Method" owner="BuiltIn">
<arg>${options}</arg>
<arg>add_experimental_option</arg>
<arg>prefs</arg>
<arg>${prefs}</arg>
<doc>Calls the named method of the given object with the provided arguments.</doc>
<status status="PASS" start="2026-04-07T04:51:26.367820" elapsed="0.000464"/>
</kw>
<kw name="Open Browser" owner="SeleniumLibrary">
<msg time="2026-04-07T04:51:26.368769" level="INFO">Opening browser 'chrome' to base url 'https://www.saucedemo.com/'.</msg>
<arg>${URL}</arg>
<arg>chrome</arg>
<arg>options=${options}</arg>
<doc>Opens a new browser instance to the optional ``url``.</doc>
<status status="PASS" start="2026-04-07T04:51:26.368449" elapsed="1.569813"/>
</kw>
<kw name="Maximize Browser Window" owner="SeleniumLibrary">
<doc>Maximizes current browser window.</doc>
<status status="PASS" start="2026-04-07T04:51:27.938844" elapsed="0.050400"/>
</kw>
<kw name="Wait Until Element Is Visible" owner="SeleniumLibrary">
<arg>id:user-name</arg>
<arg>10s</arg>
<doc>Waits until the element ``locator`` is visible.</doc>
<status status="PASS" start="2026-04-07T04:51:27.989659" elapsed="0.061639"/>
</kw>
<status status="PASS" start="2026-04-07T04:51:26.366016" elapsed="1.685547"/>
</kw>
<kw name="Login" owner="keywords">
<kw name="Input Text" owner="SeleniumLibrary">
<msg time="2026-04-07T04:51:28.053941" level="INFO">Typing text 'invalid_user' into text field 'id:user-name'.</msg>
<arg>id:user-name</arg>
<arg>${username}</arg>
<doc>Types the given ``text`` into the text field identified by ``locator``.</doc>
<status status="PASS" start="2026-04-07T04:51:28.053111" elapsed="0.244434"/>
</kw>
<kw name="Input Text" owner="SeleniumLibrary">
<msg time="2026-04-07T04:51:28.299074" level="INFO">Typing text 'password.123' into text field 'id:password'.</msg>
<arg>id:password</arg>
<arg>${password}</arg>
<doc>Types the given ``text`` into the text field identified by ``locator``.</doc>
<status status="PASS" start="2026-04-07T04:51:28.298350" elapsed="0.123591"/>
</kw>
<kw name="Click Button" owner="SeleniumLibrary">
<msg time="2026-04-07T04:51:28.422932" level="INFO">Clicking button 'id:login-button'.</msg>
<arg>id:login-button</arg>
<doc>Clicks the button identified by ``locator``.</doc>
<status status="PASS" start="2026-04-07T04:51:28.422243" elapsed="0.120354"/>
</kw>
<arg>${INVALID_USER}</arg>
<arg>${INVALID_PASS}</arg>
<status status="PASS" start="2026-04-07T04:51:28.052312" elapsed="0.490512"/>
</kw>
<kw name="Verify Error Message" owner="keywords">
<kw name="Wait Until Page Contains" owner="SeleniumLibrary">
<arg>Epic sadface</arg>
<arg>10s</arg>
<doc>Waits until ``text`` appears on the current page.</doc>
<status status="PASS" start="2026-04-07T04:51:28.544030" elapsed="0.025362"/>
</kw>
<status status="PASS" start="2026-04-07T04:51:28.543429" elapsed="0.026230"/>
</kw>
<kw name="Close Browser" owner="keywords" type="TEARDOWN">
<kw name="Close All Browsers" owner="SeleniumLibrary">
<doc>Closes all open browsers and resets the browser cache.</doc>
<status status="PASS" start="2026-04-07T04:51:28.570914" elapsed="2.285770"/>
</kw>
<status status="PASS" start="2026-04-07T04:51:28.570364" elapsed="2.286424"/>
</kw>
<status status="PASS" start="2026-04-07T04:51:26.365440" elapsed="4.491842"/>
</test>
<test id="s1-s1-t3" name="Test Case 3 - Add Single Product" line="24">
<kw name="Open Browser To SauceDemo" owner="keywords" type="SETUP">
<kw name="Evaluate" owner="BuiltIn">
<msg time="2026-04-07T04:51:30.859506" level="INFO">${options} = &lt;selenium.webdriver.chrome.options.Options object at 0x0000018A630B9950&gt;</msg>
<var>${options}</var>
<arg>sys.modules['selenium.webdriver'].ChromeOptions()</arg>
<arg>sys</arg>
<doc>Evaluates the given expression in Python and returns the result.</doc>
<status status="PASS" start="2026-04-07T04:51:30.859154" elapsed="0.000383"/>
</kw>
<kw name="Create Dictionary" owner="BuiltIn">
<msg time="2026-04-07T04:51:30.860014" level="INFO">${prefs} = {'credentials_enable_service': False, 'profile.password_manager_enabled': False, 'profile.password_manager_leak_detection': False}</msg>
<var>${prefs}</var>
<arg>credentials_enable_service=${False}</arg>
<arg>profile.password_manager_enabled=${False}</arg>
<arg>profile.password_manager_leak_detection=${False}</arg>
<doc>Creates and returns a dictionary based on the given ``items``.</doc>
<status status="PASS" start="2026-04-07T04:51:30.859640" elapsed="0.000404"/>
</kw>
<kw name="Call Method" owner="BuiltIn">
<arg>${options}</arg>
<arg>add_experimental_option</arg>
<arg>prefs</arg>
<arg>${prefs}</arg>
<doc>Calls the named method of the given object with the provided arguments.</doc>
<status status="PASS" start="2026-04-07T04:51:30.860139" elapsed="0.000248"/>
</kw>
<kw name="Open Browser" owner="SeleniumLibrary">
<msg time="2026-04-07T04:51:30.860687" level="INFO">Opening browser 'chrome' to base url 'https://www.saucedemo.com/'.</msg>
<arg>${URL}</arg>
<arg>chrome</arg>
<arg>options=${options}</arg>
<doc>Opens a new browser instance to the optional ``url``.</doc>
<status status="PASS" start="2026-04-07T04:51:30.860507" elapsed="1.633378"/>
</kw>
<kw name="Maximize Browser Window" owner="SeleniumLibrary">
<doc>Maximizes current browser window.</doc>
<status status="PASS" start="2026-04-07T04:51:32.494253" elapsed="0.041381"/>
</kw>
<kw name="Wait Until Element Is Visible" owner="SeleniumLibrary">
<arg>id:user-name</arg>
<arg>10s</arg>
<doc>Waits until the element ``locator`` is visible.</doc>
<status status="PASS" start="2026-04-07T04:51:32.536335" elapsed="0.073103"/>
</kw>
<status status="PASS" start="2026-04-07T04:51:30.858890" elapsed="1.750710"/>
</kw>
<kw name="Login" owner="keywords">
<kw name="Input Text" owner="SeleniumLibrary">
<msg time="2026-04-07T04:51:32.611625" level="INFO">Typing text 'standard_user' into text field 'id:user-name'.</msg>
<arg>id:user-name</arg>
<arg>${username}</arg>
<doc>Types the given ``text`` into the text field identified by ``locator``.</doc>
<status status="PASS" start="2026-04-07T04:51:32.611053" elapsed="0.284391"/>
</kw>
<kw name="Input Text" owner="SeleniumLibrary">
<msg time="2026-04-07T04:51:32.896437" level="INFO">Typing text 'secret_sauce' into text field 'id:password'.</msg>
<arg>id:password</arg>
<arg>${password}</arg>
<doc>Types the given ``text`` into the text field identified by ``locator``.</doc>
<status status="PASS" start="2026-04-07T04:51:32.895906" elapsed="0.124987"/>
</kw>
<kw name="Click Button" owner="SeleniumLibrary">
<msg time="2026-04-07T04:51:33.022147" level="INFO">Clicking button 'id:login-button'.</msg>
<arg>id:login-button</arg>
<doc>Clicks the button identified by ``locator``.</doc>
<status status="PASS" start="2026-04-07T04:51:33.021682" elapsed="0.185594"/>
</kw>
<arg>${VALID_USER}</arg>
<arg>${VALID_PASS}</arg>
<status status="PASS" start="2026-04-07T04:51:32.610274" elapsed="0.597557"/>
</kw>
<kw name="Add Single Product To Cart" owner="keywords">
<kw name="Click Button" owner="SeleniumLibrary">
<msg time="2026-04-07T04:51:33.209623" level="INFO">Clicking button 'xpath:(//button[text()='Add to cart'])[1]'.</msg>
<arg>xpath:(//button[text()='Add to cart'])[1]</arg>
<doc>Clicks the button identified by ``locator``.</doc>
<status status="PASS" start="2026-04-07T04:51:33.209236" elapsed="0.139688"/>
</kw>
<status status="PASS" start="2026-04-07T04:51:33.208569" elapsed="0.140556"/>
</kw>
<kw name="Open Cart" owner="keywords">
<kw name="Click Element" owner="SeleniumLibrary">
<msg time="2026-04-07T04:51:33.350226" level="INFO">Clicking element 'class:shopping_cart_link'.</msg>
<arg>class:shopping_cart_link</arg>
<doc>Click the element identified by ``locator``.</doc>
<status status="PASS" start="2026-04-07T04:51:33.349928" elapsed="0.113073"/>
</kw>
<status status="PASS" start="2026-04-07T04:51:33.349538" elapsed="0.113659"/>
</kw>
<kw name="Verify Product In Cart" owner="keywords">
<kw name="Page Should Contain" owner="SeleniumLibrary">
<msg time="2026-04-07T04:51:33.493079" level="INFO">Current page contains text 'Remove'.</msg>
<arg>Remove</arg>
<doc>Verifies that current page contains ``text``.</doc>
<status status="PASS" start="2026-04-07T04:51:33.466608" elapsed="0.026570"/>
</kw>
<status status="PASS" start="2026-04-07T04:51:33.465010" elapsed="0.028269"/>
</kw>
<kw name="Close Browser" owner="keywords" type="TEARDOWN">
<kw name="Close All Browsers" owner="SeleniumLibrary">
<doc>Closes all open browsers and resets the browser cache.</doc>
<status status="PASS" start="2026-04-07T04:51:33.494104" elapsed="2.258584"/>
</kw>
<status status="PASS" start="2026-04-07T04:51:33.493817" elapsed="2.258992"/>
</kw>
<status status="PASS" start="2026-04-07T04:51:30.858355" elapsed="4.894813"/>
</test>
<test id="s1-s1-t4" name="Test Case 4 - Add Multiple Products And Checkout" line="31">
<kw name="Open Browser To SauceDemo" owner="keywords" type="SETUP">
<kw name="Evaluate" owner="BuiltIn">
<msg time="2026-04-07T04:51:35.755522" level="INFO">${options} = &lt;selenium.webdriver.chrome.options.Options object at 0x0000018A63072780&gt;</msg>
<var>${options}</var>
<arg>sys.modules['selenium.webdriver'].ChromeOptions()</arg>
<arg>sys</arg>
<doc>Evaluates the given expression in Python and returns the result.</doc>
<status status="PASS" start="2026-04-07T04:51:35.755168" elapsed="0.000384"/>
</kw>
<kw name="Create Dictionary" owner="BuiltIn">
<msg time="2026-04-07T04:51:35.756075" level="INFO">${prefs} = {'credentials_enable_service': False, 'profile.password_manager_enabled': False, 'profile.password_manager_leak_detection': False}</msg>
<var>${prefs}</var>
<arg>credentials_enable_service=${False}</arg>
<arg>profile.password_manager_enabled=${False}</arg>
<arg>profile.password_manager_leak_detection=${False}</arg>
<doc>Creates and returns a dictionary based on the given ``items``.</doc>
<status status="PASS" start="2026-04-07T04:51:35.755655" elapsed="0.000447"/>
</kw>
<kw name="Call Method" owner="BuiltIn">
<arg>${options}</arg>
<arg>add_experimental_option</arg>
<arg>prefs</arg>
<arg>${prefs}</arg>
<doc>Calls the named method of the given object with the provided arguments.</doc>
<status status="PASS" start="2026-04-07T04:51:35.756195" elapsed="0.000245"/>
</kw>
<kw name="Open Browser" owner="SeleniumLibrary">
<msg time="2026-04-07T04:51:35.756788" level="INFO">Opening browser 'chrome' to base url 'https://www.saucedemo.com/'.</msg>
<arg>${URL}</arg>
<arg>chrome</arg>
<arg>options=${options}</arg>
<doc>Opens a new browser instance to the optional ``url``.</doc>
<status status="PASS" start="2026-04-07T04:51:35.756584" elapsed="1.650052"/>
</kw>
<kw name="Maximize Browser Window" owner="SeleniumLibrary">
<doc>Maximizes current browser window.</doc>
<status status="PASS" start="2026-04-07T04:51:37.406993" elapsed="0.039587"/>
</kw>
<kw name="Wait Until Element Is Visible" owner="SeleniumLibrary">
<arg>id:user-name</arg>
<arg>10s</arg>
<doc>Waits until the element ``locator`` is visible.</doc>
<status status="PASS" start="2026-04-07T04:51:37.446808" elapsed="0.047976"/>
</kw>
<status status="PASS" start="2026-04-07T04:51:35.754923" elapsed="1.740004"/>
</kw>
<kw name="Login" owner="keywords">
<kw name="Input Text" owner="SeleniumLibrary">
<msg time="2026-04-07T04:51:37.497380" level="INFO">Typing text 'standard_user' into text field 'id:user-name'.</msg>
<arg>id:user-name</arg>
<arg>${username}</arg>
<doc>Types the given ``text`` into the text field identified by ``locator``.</doc>
<status status="PASS" start="2026-04-07T04:51:37.496158" elapsed="0.270026"/>
</kw>
<kw name="Input Text" owner="SeleniumLibrary">
<msg time="2026-04-07T04:51:37.767554" level="INFO">Typing text 'secret_sauce' into text field 'id:password'.</msg>
<arg>id:password</arg>
<arg>${password}</arg>
<doc>Types the given ``text`` into the text field identified by ``locator``.</doc>
<status status="PASS" start="2026-04-07T04:51:37.766835" elapsed="0.127899"/>
</kw>
<kw name="Click Button" owner="SeleniumLibrary">
<msg time="2026-04-07T04:51:37.896417" level="INFO">Clicking button 'id:login-button'.</msg>
<arg>id:login-button</arg>
<doc>Clicks the button identified by ``locator``.</doc>
<status status="PASS" start="2026-04-07T04:51:37.895457" elapsed="0.171482"/>
</kw>
<arg>${VALID_USER}</arg>
<arg>${VALID_PASS}</arg>
<status status="PASS" start="2026-04-07T04:51:37.495427" elapsed="0.571673"/>
</kw>
<kw name="Add Multiple Products" owner="keywords">
<kw name="Click Button" owner="SeleniumLibrary">
<msg time="2026-04-07T04:51:38.068886" level="INFO">Clicking button 'id:add-to-cart-sauce-labs-backpack'.</msg>
<arg>id:add-to-cart-sauce-labs-backpack</arg>
<doc>Clicks the button identified by ``locator``.</doc>
<status status="PASS" start="2026-04-07T04:51:38.068441" elapsed="0.122712"/>
</kw>
<kw name="Click Button" owner="SeleniumLibrary">
<msg time="2026-04-07T04:51:38.191730" level="INFO">Clicking button 'id:add-to-cart-sauce-labs-bike-light'.</msg>
<arg>id:add-to-cart-sauce-labs-bike-light</arg>
<doc>Clicks the button identified by ``locator``.</doc>
<status status="PASS" start="2026-04-07T04:51:38.191403" elapsed="0.112066"/>
</kw>
<status status="PASS" start="2026-04-07T04:51:38.067827" elapsed="0.235832"/>
</kw>
<kw name="Go To Checkout" owner="keywords">
<kw name="Click Element" owner="SeleniumLibrary">
<msg time="2026-04-07T04:51:38.304821" level="INFO">Clicking element 'class:shopping_cart_link'.</msg>
<arg>class:shopping_cart_link</arg>
<doc>Click the element identified by ``locator``.</doc>
<status status="PASS" start="2026-04-07T04:51:38.304570" elapsed="0.106404"/>
</kw>
<kw name="Click Button" owner="SeleniumLibrary">
<msg time="2026-04-07T04:51:38.411478" level="INFO">Clicking button 'id:checkout'.</msg>
<arg>id:checkout</arg>
<doc>Clicks the button identified by ``locator``.</doc>
<status status="PASS" start="2026-04-07T04:51:38.411205" elapsed="0.106746"/>
</kw>
<kw name="Wait Until Element Is Visible" owner="SeleniumLibrary">
<arg>id:first-name</arg>
<arg>10s</arg>
<doc>Waits until the element ``locator`` is visible.</doc>
<status status="PASS" start="2026-04-07T04:51:38.518209" elapsed="0.030988"/>
</kw>
<status status="PASS" start="2026-04-07T04:51:38.304140" elapsed="0.245254"/>
</kw>
<kw name="Fill Checkout Details" owner="keywords">
<kw name="Wait Until Element Is Visible" owner="SeleniumLibrary">
<arg>id:first-name</arg>
<arg>10s</arg>
<doc>Waits until the element ``locator`` is visible.</doc>
<status status="PASS" start="2026-04-07T04:51:38.550258" elapsed="0.023682"/>
</kw>
<kw name="Input Text" owner="SeleniumLibrary">
<msg time="2026-04-07T04:51:38.574584" level="INFO">Typing text 'Senthil' into text field 'id:first-name'.</msg>
<arg>id:first-name</arg>
<arg>Senthil</arg>
<doc>Types the given ``text`` into the text field identified by ``locator``.</doc>
<status status="PASS" start="2026-04-07T04:51:38.574198" elapsed="0.119714"/>
</kw>
<kw name="Input Text" owner="SeleniumLibrary">
<msg time="2026-04-07T04:51:38.694458" level="INFO">Typing text 'Kumar' into text field 'id:last-name'.</msg>
<arg>id:last-name</arg>
<arg>Kumar</arg>
<doc>Types the given ``text`` into the text field identified by ``locator``.</doc>
<status status="PASS" start="2026-04-07T04:51:38.694141" elapsed="0.113954"/>
</kw>
<kw name="Input Text" owner="SeleniumLibrary">
<msg time="2026-04-07T04:51:38.808595" level="INFO">Typing text '627011' into text field 'id:postal-code'.</msg>
<arg>id:postal-code</arg>
<arg>627011</arg>
<doc>Types the given ``text`` into the text field identified by ``locator``.</doc>
<status status="PASS" start="2026-04-07T04:51:38.808327" elapsed="0.118021"/>
</kw>
<kw name="Click Button" owner="SeleniumLibrary">
<msg time="2026-04-07T04:51:38.926974" level="INFO">Clicking button 'id:continue'.</msg>
<arg>id:continue</arg>
<doc>Clicks the button identified by ``locator``.</doc>
<status status="PASS" start="2026-04-07T04:51:38.926655" elapsed="0.110007"/>
</kw>
<status status="PASS" start="2026-04-07T04:51:38.549902" elapsed="0.487173"/>
</kw>
<kw name="Verify Checkout Summary" owner="keywords">
<kw name="Wait Until Page Contains" owner="SeleniumLibrary">
<arg>Checkout: Overview</arg>
<arg>10s</arg>
<doc>Waits until ``text`` appears on the current page.</doc>
<status status="PASS" start="2026-04-07T04:51:39.038395" elapsed="0.025120"/>
</kw>
<status status="PASS" start="2026-04-07T04:51:39.037896" elapsed="0.025805"/>
</kw>
<kw name="Close Browser" owner="keywords" type="TEARDOWN">
<kw name="Close All Browsers" owner="SeleniumLibrary">
<doc>Closes all open browsers and resets the browser cache.</doc>
<status status="PASS" start="2026-04-07T04:51:39.064712" elapsed="2.306497"/>
</kw>
<status status="PASS" start="2026-04-07T04:51:39.064299" elapsed="2.307070"/>
</kw>
<status status="PASS" start="2026-04-07T04:51:35.754360" elapsed="5.617447"/>
</test>
<status status="PASS" start="2026-04-07T04:51:21.379244" elapsed="19.994063"/>
</suite>
<status status="PASS" start="2026-04-07T04:51:21.315296" elapsed="20.059699"/>
</suite>
<statistics>
<total>
<stat pass="4" fail="0" skip="0">All Tests</stat>
</total>
<tag>
</tag>
<suite>
<stat name="Tests" id="s1" pass="4" fail="0" skip="0">Tests</stat>
<stat name="Test Saucedemo" id="s1-s1" pass="4" fail="0" skip="0">Tests.Test Saucedemo</stat>
</suite>
</statistics>
<errors>
</errors>
</robot>
